<?xml version="1.0" encoding="UTF-8"?>
<testng-results ignored="0" total="1" passed="1" failed="0" skipped="0">
  <reporter-output>
  </reporter-output>
  <suite started-at="2024-03-17T12:33:44 IST" name="Default suite" finished-at="2024-03-17T12:33:56 IST" duration-ms="11815">
    <groups>
    </groups>
    <test started-at="2024-03-17T12:33:44 IST" name="Default test" finished-at="2024-03-17T12:33:56 IST" duration-ms="11815">
      <class name="POM.UseTheWebElement">
        <test-method signature="search()[pri:0, instance:POM.UseTheWebElement@5890e879]" started-at="2024-03-17T12:33:44 IST" name="search" finished-at="2024-03-17T12:33:56 IST" duration-ms="11687" status="PASS">
          <reporter-output>
          </reporter-output>
        </test-method> <!-- search -->
      </class> <!-- POM.UseTheWebElement -->
    </test> <!-- Default test -->
  </suite> <!-- Default suite -->
</testng-results>
